<?xml version="1.0" encoding="UTF-8"?>
<robot generator="Robot 6.1 (Python 3.9.13 on win32)" generated="20230619 00:38:38.934" rpa="false" schemaversion="4">
<suite id="s1" name="Robto Framework" source="C:\Users\ADMIN\Desktop\Robto_Framework">
<suite id="s1-s1" name="DrCatalystEHR" source="C:\Users\ADMIN\Desktop\Robto_Framework\DrCatalystEHR.robot">
<test id="s1-s1-t1" name="LoginTest With Valid Credentials" line="12">
<kw name="Open Browser" library="Selenium2Library" type="SETUP">
<arg>${appurl}</arg>
<arg>${browser}</arg>
<doc>Opens a new browser instance to the optional ``url``.</doc>
<msg timestamp="20230619 00:38:39.168" level="INFO">Opening browser 'chrome' to base url 'https://iemodemoindia.meditab.com/#/login'.</msg>
<status status="PASS" starttime="20230619 00:38:39.168" endtime="20230619 00:38:43.353"/>
</kw>
<kw name="Maximize Browser Window" library="Selenium2Library">
<doc>Maximizes current browser window.</doc>
<status status="PASS" starttime="20230619 00:38:43.353" endtime="20230619 00:38:43.479"/>
</kw>
<kw name=" Enter Clinic">
<kw name="Input Text" library="Selenium2Library">
<arg>xpath://mtab-input-text[@id='clinic']//input[@type='TEXT']</arg>
<arg>Dilwale</arg>
<doc>Types the given ``text`` into the text field identified by ``locator``.</doc>
<msg timestamp="20230619 00:38:43.479" level="INFO">Typing text 'Dilwale' into text field 'xpath://mtab-input-text[@id='clinic']//input[@type='TEXT']'.</msg>
<status status="PASS" starttime="20230619 00:38:43.479" endtime="20230619 00:38:43.629"/>
</kw>
<status status="PASS" starttime="20230619 00:38:43.479" endtime="20230619 00:38:43.629"/>
</kw>
<kw name="Sleep" library="BuiltIn">
<arg>1s</arg>
<doc>Pauses the test executed for the given time.</doc>
<msg timestamp="20230619 00:38:44.642" level="INFO">Slept 1 second</msg>
<status status="PASS" starttime="20230619 00:38:43.629" endtime="20230619 00:38:44.642"/>
</kw>
<kw name="Enter Username">
<kw name="Input Text" library="Selenium2Library">
<arg>//mtab-input-text[@id='username']//input[@type='TEXT']</arg>
<arg>Akash</arg>
<doc>Types the given ``text`` into the text field identified by ``locator``.</doc>
<msg timestamp="20230619 00:38:44.642" level="INFO">Typing text 'Akash' into text field '//mtab-input-text[@id='username']//input[@type='TEXT']'.</msg>
<status status="PASS" starttime="20230619 00:38:44.642" endtime="20230619 00:38:44.839"/>
</kw>
<status status="PASS" starttime="20230619 00:38:44.642" endtime="20230619 00:38:44.839"/>
</kw>
<kw name="Sleep" library="BuiltIn">
<arg>1s</arg>
<doc>Pauses the test executed for the given time.</doc>
<msg timestamp="20230619 00:38:45.846" level="INFO">Slept 1 second</msg>
<status status="PASS" starttime="20230619 00:38:44.842" endtime="20230619 00:38:45.846"/>
</kw>
<kw name="Enter Password">
<kw name="Input Text" library="Selenium2Library">
<arg>//input[@type='PASSWORD']</arg>
<arg>Dil</arg>
<doc>Types the given ``text`` into the text field identified by ``locator``.</doc>
<msg timestamp="20230619 00:38:45.846" level="INFO">Typing text 'Dil' into text field '//input[@type='PASSWORD']'.</msg>
<status status="PASS" starttime="20230619 00:38:45.846" endtime="20230619 00:38:45.992"/>
</kw>
<status status="PASS" starttime="20230619 00:38:45.846" endtime="20230619 00:38:45.992"/>
</kw>
<kw name="Sleep" library="BuiltIn">
<arg>1s</arg>
<doc>Pauses the test executed for the given time.</doc>
<msg timestamp="20230619 00:38:46.996" level="INFO">Slept 1 second</msg>
<status status="PASS" starttime="20230619 00:38:45.992" endtime="20230619 00:38:46.996"/>
</kw>
<kw name="Click Demo Login">
<kw name="Click Element" library="Selenium2Library">
<arg>xpath://label[normalize-space()='Demo Login']</arg>
<doc>Click the element identified by ``locator``.</doc>
<msg timestamp="20230619 00:38:46.996" level="INFO">Clicking element 'xpath://label[normalize-space()='Demo Login']'.</msg>
<status status="PASS" starttime="20230619 00:38:46.996" endtime="20230619 00:38:47.065"/>
</kw>
<status status="PASS" starttime="20230619 00:38:46.996" endtime="20230619 00:38:47.065"/>
</kw>
<kw name="Sleep" library="BuiltIn">
<arg>5s</arg>
<doc>Pauses the test executed for the given time.</doc>
<msg timestamp="20230619 00:38:52.080" level="INFO">Slept 5 seconds</msg>
<status status="PASS" starttime="20230619 00:38:47.066" endtime="20230619 00:38:52.080"/>
</kw>
<kw name="Verify Login">
<kw name="Get Location" library="Selenium2Library">
<var>${url}</var>
<doc>Returns the current browser window URL.</doc>
<msg timestamp="20230619 00:38:53.870" level="INFO">${url} = https://iemodemoindia.meditab.com/#/app/dashboard</msg>
<status status="PASS" starttime="20230619 00:38:52.083" endtime="20230619 00:38:53.870"/>
</kw>
<kw name="Log To Console" library="BuiltIn">
<arg>$(url)</arg>
<doc>Logs the given message to the console.</doc>
<status status="PASS" starttime="20230619 00:38:53.870" endtime="20230619 00:38:53.871"/>
</kw>
<kw name="Should Contain" library="BuiltIn">
<arg>${url}</arg>
<arg>dashboard</arg>
<doc>Fails if ``container`` does not contain ``item`` one or more times.</doc>
<status status="PASS" starttime="20230619 00:38:53.871" endtime="20230619 00:38:53.871"/>
</kw>
<status status="PASS" starttime="20230619 00:38:52.083" endtime="20230619 00:38:53.872"/>
</kw>
<kw name="Sleep" library="BuiltIn">
<arg>3s</arg>
<doc>Pauses the test executed for the given time.</doc>
<msg timestamp="20230619 00:38:56.886" level="INFO">Slept 3 seconds</msg>
<status status="PASS" starttime="20230619 00:38:53.873" endtime="20230619 00:38:56.886"/>
</kw>
<kw name="Close Browser" library="Selenium2Library" type="TEARDOWN">
<doc>Closes the current browser.</doc>
<status status="PASS" starttime="20230619 00:38:56.886" endtime="20230619 00:38:59.278"/>
</kw>
<tag>Smoke</tag>
<status status="PASS" starttime="20230619 00:38:39.168" endtime="20230619 00:38:59.278"/>
</test>
<test id="s1-s1-t2" name="LoginTest With inValid Credentials" line="26">
<kw name="Open Browser" library="Selenium2Library" type="SETUP">
<arg>${appurl}</arg>
<arg>${browser}</arg>
<doc>Opens a new browser instance to the optional ``url``.</doc>
<msg timestamp="20230619 00:38:59.278" level="INFO">Opening browser 'chrome' to base url 'https://iemodemoindia.meditab.com/#/login'.</msg>
<status status="PASS" starttime="20230619 00:38:59.278" endtime="20230619 00:39:03.489"/>
</kw>
<kw name="Maximize Browser Window" library="Selenium2Library">
<doc>Maximizes current browser window.</doc>
<status status="PASS" starttime="20230619 00:39:03.491" endtime="20230619 00:39:03.639"/>
</kw>
<kw name=" Enter Clinic">
<kw name="Input Text" library="Selenium2Library">
<arg>xpath://mtab-input-text[@id='clinic']//input[@type='TEXT']</arg>
<arg>Dilwale</arg>
<doc>Types the given ``text`` into the text field identified by ``locator``.</doc>
<msg timestamp="20230619 00:39:03.639" level="INFO">Typing text 'Dilwale' into text field 'xpath://mtab-input-text[@id='clinic']//input[@type='TEXT']'.</msg>
<status status="PASS" starttime="20230619 00:39:03.639" endtime="20230619 00:39:03.811"/>
</kw>
<status status="PASS" starttime="20230619 00:39:03.639" endtime="20230619 00:39:03.811"/>
</kw>
<kw name="Sleep" library="BuiltIn">
<arg>1s</arg>
<doc>Pauses the test executed for the given time.</doc>
<msg timestamp="20230619 00:39:04.815" level="INFO">Slept 1 second</msg>
<status status="PASS" starttime="20230619 00:39:03.811" endtime="20230619 00:39:04.815"/>
</kw>
<kw name="Enter Username">
<kw name="Input Text" library="Selenium2Library">
<arg>//mtab-input-text[@id='username']//input[@type='TEXT']</arg>
<arg>Akash</arg>
<doc>Types the given ``text`` into the text field identified by ``locator``.</doc>
<msg timestamp="20230619 00:39:04.815" level="INFO">Typing text 'Akash' into text field '//mtab-input-text[@id='username']//input[@type='TEXT']'.</msg>
<status status="PASS" starttime="20230619 00:39:04.815" endtime="20230619 00:39:05.007"/>
</kw>
<status status="PASS" starttime="20230619 00:39:04.815" endtime="20230619 00:39:05.007"/>
</kw>
<kw name="Sleep" library="BuiltIn">
<arg>1s</arg>
<doc>Pauses the test executed for the given time.</doc>
<msg timestamp="20230619 00:39:06.009" level="INFO">Slept 1 second</msg>
<status status="PASS" starttime="20230619 00:39:05.007" endtime="20230619 00:39:06.009"/>
</kw>
<kw name="Enter Password">
<kw name="Input Text" library="Selenium2Library">
<arg>//input[@type='PASSWORD']</arg>
<arg>Dil</arg>
<doc>Types the given ``text`` into the text field identified by ``locator``.</doc>
<msg timestamp="20230619 00:39:06.009" level="INFO">Typing text 'Dil' into text field '//input[@type='PASSWORD']'.</msg>
<status status="PASS" starttime="20230619 00:39:06.009" endtime="20230619 00:39:06.183"/>
</kw>
<status status="PASS" starttime="20230619 00:39:06.009" endtime="20230619 00:39:06.184"/>
</kw>
<kw name="Sleep" library="BuiltIn">
<arg>1s</arg>
<doc>Pauses the test executed for the given time.</doc>
<msg timestamp="20230619 00:39:07.194" level="INFO">Slept 1 second</msg>
<status status="PASS" starttime="20230619 00:39:06.184" endtime="20230619 00:39:07.194"/>
</kw>
<kw name="Click on Login">
<kw name="Click Element" library="Selenium2Library">
<arg>xpath://span[normalize-space()='Login']</arg>
<doc>Click the element identified by ``locator``.</doc>
<msg timestamp="20230619 00:39:07.194" level="INFO">Clicking element 'xpath://span[normalize-space()='Login']'.</msg>
<status status="PASS" starttime="20230619 00:39:07.194" endtime="20230619 00:39:07.286"/>
</kw>
<status status="PASS" starttime="20230619 00:39:07.194" endtime="20230619 00:39:07.286"/>
</kw>
<kw name="Sleep" library="BuiltIn">
<arg>10s</arg>
<doc>Pauses the test executed for the given time.</doc>
<msg timestamp="20230619 00:39:17.293" level="INFO">Slept 10 seconds</msg>
<status status="PASS" starttime="20230619 00:39:07.286" endtime="20230619 00:39:17.293"/>
</kw>
<kw name="Get Location" library="Selenium2Library">
<var>${url}</var>
<doc>Returns the current browser window URL.</doc>
<msg timestamp="20230619 00:39:17.309" level="INFO">${url} = https://iemodemoindia.meditab.com/#/login</msg>
<status status="PASS" starttime="20230619 00:39:17.293" endtime="20230619 00:39:17.309"/>
</kw>
<kw name="Log To Console" library="BuiltIn">
<arg>$(url)</arg>
<doc>Logs the given message to the console.</doc>
<status status="PASS" starttime="20230619 00:39:17.309" endtime="20230619 00:39:17.309"/>
</kw>
<kw name="Should Contain" library="BuiltIn">
<arg>${url}</arg>
<arg>login</arg>
<doc>Fails if ``container`` does not contain ``item`` one or more times.</doc>
<status status="PASS" starttime="20230619 00:39:17.309" endtime="20230619 00:39:17.309"/>
</kw>
<kw name="Close Browser" library="Selenium2Library" type="TEARDOWN">
<doc>Closes the current browser.</doc>
<status status="PASS" starttime="20230619 00:39:17.309" endtime="20230619 00:39:19.517"/>
</kw>
<tag>Regression</tag>
<status status="PASS" starttime="20230619 00:38:59.278" endtime="20230619 00:39:19.517"/>
</test>
<status status="PASS" starttime="20230619 00:38:38.965" endtime="20230619 00:39:19.517"/>
</suite>
<status status="PASS" starttime="20230619 00:38:38.934" endtime="20230619 00:39:19.517"/>
</suite>
<statistics>
<total>
<stat pass="2" fail="0" skip="0">All Tests</stat>
</total>
<tag>
<stat pass="1" fail="0" skip="0">Regression</stat>
<stat pass="1" fail="0" skip="0">Smoke</stat>
</tag>
<suite>
<stat pass="2" fail="0" skip="0" id="s1" name="Robto Framework">Robto Framework</stat>
<stat pass="2" fail="0" skip="0" id="s1-s1" name="DrCatalystEHR">Robto Framework.DrCatalystEHR</stat>
</suite>
</statistics>
<errors>
</errors>
</robot>
